{"name":"Log","hostname":"f323f32862e9","pid":1,"level":30,"msg":"Creating table: posts","time":"2019-11-06T02:51:02.031Z","v":0}
{"name":"Log","hostname":"f323f32862e9","pid":1,"level":30,"msg":"Creating table: posts_meta","time":"2019-11-06T02:51:02.044Z","v":0}
{"name":"Log","hostname":"f323f32862e9","pid":1,"level":30,"msg":"Creating table: users","time":"2019-11-06T02:51:02.054Z","v":0}
{"name":"Log","hostname":"f323f32862e9","pid":1,"level":30,"msg":"Creating table: posts_authors","time":"2019-11-06T02:51:02.066Z","v":0}
{"name":"Log","hostname":"f323f32862e9","pid":1,"level":30,"msg":"Creating table: roles","time":"2019-11-06T02:51:02.072Z","v":0}
{"name":"Log","hostname":"f323f32862e9","pid":1,"level":30,"msg":"Creating table: roles_users","time":"2019-11-06T02:51:02.080Z","v":0}
{"name":"Log","hostname":"f323f32862e9","pid":1,"level":30,"msg":"Creating table: permissions","time":"2019-11-06T02:51:02.086Z","v":0}
{"name":"Log","hostname":"f323f32862e9","pid":1,"level":30,"msg":"Creating table: permissions_users","time":"2019-11-06T02:51:02.096Z","v":0}
{"name":"Log","hostname":"f323f32862e9","pid":1,"level":30,"msg":"Creating table: permissions_roles","time":"2019-11-06T02:51:02.103Z","v":0}
{"name":"Log","hostname":"f323f32862e9","pid":1,"level":30,"msg":"Creating table: permissions_apps","time":"2019-11-06T02:51:02.111Z","v":0}
{"name":"Log","hostname":"f323f32862e9","pid":1,"level":30,"msg":"Creating table: settings","time":"2019-11-06T02:51:02.121Z","v":0}
{"name":"Log","hostname":"f323f32862e9","pid":1,"level":30,"msg":"Creating table: tags","time":"2019-11-06T02:51:02.130Z","v":0}
{"name":"Log","hostname":"f323f32862e9","pid":1,"level":30,"msg":"Creating table: posts_tags","time":"2019-11-06T02:51:02.138Z","v":0}
{"name":"Log","hostname":"f323f32862e9","pid":1,"level":30,"msg":"Creating table: apps","time":"2019-11-06T02:51:02.144Z","v":0}
{"name":"Log","hostname":"f323f32862e9","pid":1,"level":30,"msg":"Creating table: app_settings","time":"2019-11-06T02:51:02.158Z","v":0}
{"name":"Log","hostname":"f323f32862e9","pid":1,"level":30,"msg":"Creating table: app_fields","time":"2019-11-06T02:51:02.170Z","v":0}
{"name":"Log","hostname":"f323f32862e9","pid":1,"level":30,"msg":"Creating table: invites","time":"2019-11-06T02:51:02.182Z","v":0}
{"name":"Log","hostname":"f323f32862e9","pid":1,"level":30,"msg":"Creating table: brute","time":"2019-11-06T02:51:02.196Z","v":0}
{"name":"Log","hostname":"f323f32862e9","pid":1,"level":30,"msg":"Creating table: webhooks","time":"2019-11-06T02:51:02.203Z","v":0}
{"name":"Log","hostname":"f323f32862e9","pid":1,"level":30,"msg":"Creating table: sessions","time":"2019-11-06T02:51:02.210Z","v":0}
{"name":"Log","hostname":"f323f32862e9","pid":1,"level":30,"msg":"Creating table: integrations","time":"2019-11-06T02:51:02.220Z","v":0}
{"name":"Log","hostname":"f323f32862e9","pid":1,"level":30,"msg":"Creating table: api_keys","time":"2019-11-06T02:51:02.230Z","v":0}
{"name":"Log","hostname":"f323f32862e9","pid":1,"level":30,"msg":"Creating table: mobiledoc_revisions","time":"2019-11-06T02:51:02.241Z","v":0}
{"name":"Log","hostname":"f323f32862e9","pid":1,"level":30,"msg":"Creating table: members","time":"2019-11-06T02:51:02.251Z","v":0}
{"name":"Log","hostname":"f323f32862e9","pid":1,"level":30,"msg":"Creating table: members_stripe_customers","time":"2019-11-06T02:51:02.260Z","v":0}
{"name":"Log","hostname":"f323f32862e9","pid":1,"level":30,"msg":"Creating table: members_stripe_customers_subscriptions","time":"2019-11-06T02:51:02.266Z","v":0}
{"name":"Log","hostname":"f323f32862e9","pid":1,"level":30,"msg":"Creating table: actions","time":"2019-11-06T02:51:02.271Z","v":0}
{"name":"Log","hostname":"f323f32862e9","pid":1,"level":30,"msg":"Model: Tag","time":"2019-11-06T02:51:02.286Z","v":0}
{"name":"Log","hostname":"f323f32862e9","pid":1,"level":30,"msg":"Model: Role","time":"2019-11-06T02:51:02.309Z","v":0}
{"name":"Log","hostname":"f323f32862e9","pid":1,"level":30,"msg":"Model: Permission","time":"2019-11-06T02:51:02.351Z","v":0}
{"name":"Log","hostname":"f323f32862e9","pid":1,"level":30,"msg":"Model: User","time":"2019-11-06T02:51:02.575Z","v":0}
{"name":"Log","hostname":"f323f32862e9","pid":1,"level":30,"msg":"Model: Post","time":"2019-11-06T02:51:03.007Z","v":0}
{"name":"Log","hostname":"f323f32862e9","pid":1,"level":30,"msg":"Model: Integration","time":"2019-11-06T02:51:03.227Z","v":0}
{"name":"Log","hostname":"f323f32862e9","pid":1,"level":30,"msg":"Relation: Role to Permission","time":"2019-11-06T02:51:03.266Z","v":0}
{"name":"Log","hostname":"f323f32862e9","pid":1,"level":30,"msg":"Relation: Post to Tag","time":"2019-11-06T02:51:03.529Z","v":0}
{"name":"Log","hostname":"f323f32862e9","pid":1,"level":30,"msg":"Relation: User to Role","time":"2019-11-06T02:51:03.569Z","v":0}
{"name":"Log","hostname":"f323f32862e9","pid":1,"level":30,"msg":"Ghost is running in production...","time":"2019-11-06T02:51:05.877Z","v":0}
{"name":"Log","hostname":"f323f32862e9","pid":1,"level":30,"msg":"Your site is now available on http://localhost:2368/","time":"2019-11-06T02:51:05.878Z","v":0}
{"name":"Log","hostname":"f323f32862e9","pid":1,"level":30,"msg":"Ctrl+C to shut down","time":"2019-11-06T02:51:05.879Z","v":0}
{"name":"Log","hostname":"f323f32862e9","pid":1,"level":30,"msg":"Ghost boot 4.95s","time":"2019-11-06T02:51:05.881Z","v":0}
